ARM GAS  C:\Users\phucd\AppData\Local\Temp\ccTuh4li.s 			page 1


   1              		.cpu cortex-m3
   2              		.eabi_attribute 20, 1
   3              		.eabi_attribute 21, 1
   4              		.eabi_attribute 23, 3
   5              		.eabi_attribute 24, 1
   6              		.eabi_attribute 25, 1
   7              		.eabi_attribute 26, 1
   8              		.eabi_attribute 30, 6
   9              		.eabi_attribute 34, 1
  10              		.eabi_attribute 18, 4
  11              		.file	"stm32f1xx_hal_gpio_ex.c"
  12              		.text
  13              	.Ltext0:
  14              		.cfi_sections	.debug_frame
  15              		.section	.text.HAL_GPIOEx_ConfigEventout,"ax",%progbits
  16              		.align	1
  17              		.global	HAL_GPIOEx_ConfigEventout
  18              		.arch armv7-m
  19              		.syntax unified
  20              		.thumb
  21              		.thumb_func
  22              		.fpu softvfp
  24              	HAL_GPIOEx_ConfigEventout:
  25              	.LFB65:
  26              		.file 1 "./Drivers/STM32F1xx_HAL_Driver/Src/stm32f1xx_hal_gpio_ex.c"
   1:./Drivers/STM32F1xx_HAL_Driver/Src/stm32f1xx_hal_gpio_ex.c **** /**
   2:./Drivers/STM32F1xx_HAL_Driver/Src/stm32f1xx_hal_gpio_ex.c ****   ******************************************************************************
   3:./Drivers/STM32F1xx_HAL_Driver/Src/stm32f1xx_hal_gpio_ex.c ****   * @file    stm32f1xx_hal_gpio_ex.c
   4:./Drivers/STM32F1xx_HAL_Driver/Src/stm32f1xx_hal_gpio_ex.c ****   * @author  MCD Application Team
   5:./Drivers/STM32F1xx_HAL_Driver/Src/stm32f1xx_hal_gpio_ex.c ****   * @brief   GPIO Extension HAL module driver.
   6:./Drivers/STM32F1xx_HAL_Driver/Src/stm32f1xx_hal_gpio_ex.c ****   *         This file provides firmware functions to manage the following
   7:./Drivers/STM32F1xx_HAL_Driver/Src/stm32f1xx_hal_gpio_ex.c ****   *          functionalities of the General Purpose Input/Output (GPIO) extension peripheral.
   8:./Drivers/STM32F1xx_HAL_Driver/Src/stm32f1xx_hal_gpio_ex.c ****   *           + Extended features functions
   9:./Drivers/STM32F1xx_HAL_Driver/Src/stm32f1xx_hal_gpio_ex.c ****   *
  10:./Drivers/STM32F1xx_HAL_Driver/Src/stm32f1xx_hal_gpio_ex.c ****   @verbatim
  11:./Drivers/STM32F1xx_HAL_Driver/Src/stm32f1xx_hal_gpio_ex.c ****   ==============================================================================
  12:./Drivers/STM32F1xx_HAL_Driver/Src/stm32f1xx_hal_gpio_ex.c ****                     ##### GPIO Peripheral extension features #####
  13:./Drivers/STM32F1xx_HAL_Driver/Src/stm32f1xx_hal_gpio_ex.c ****   ==============================================================================
  14:./Drivers/STM32F1xx_HAL_Driver/Src/stm32f1xx_hal_gpio_ex.c ****   [..] GPIO module on STM32F1 family, manage also the AFIO register:
  15:./Drivers/STM32F1xx_HAL_Driver/Src/stm32f1xx_hal_gpio_ex.c ****        (+) Possibility to use the EVENTOUT Cortex feature
  16:./Drivers/STM32F1xx_HAL_Driver/Src/stm32f1xx_hal_gpio_ex.c **** 
  17:./Drivers/STM32F1xx_HAL_Driver/Src/stm32f1xx_hal_gpio_ex.c ****                      ##### How to use this driver #####
  18:./Drivers/STM32F1xx_HAL_Driver/Src/stm32f1xx_hal_gpio_ex.c ****   ==============================================================================
  19:./Drivers/STM32F1xx_HAL_Driver/Src/stm32f1xx_hal_gpio_ex.c ****   [..] This driver provides functions to use EVENTOUT Cortex feature
  20:./Drivers/STM32F1xx_HAL_Driver/Src/stm32f1xx_hal_gpio_ex.c ****     (#) Configure EVENTOUT Cortex feature using the function HAL_GPIOEx_ConfigEventout()
  21:./Drivers/STM32F1xx_HAL_Driver/Src/stm32f1xx_hal_gpio_ex.c ****     (#) Activate EVENTOUT Cortex feature using the HAL_GPIOEx_EnableEventout()
  22:./Drivers/STM32F1xx_HAL_Driver/Src/stm32f1xx_hal_gpio_ex.c ****     (#) Deactivate EVENTOUT Cortex feature using the HAL_GPIOEx_DisableEventout()
  23:./Drivers/STM32F1xx_HAL_Driver/Src/stm32f1xx_hal_gpio_ex.c **** 
  24:./Drivers/STM32F1xx_HAL_Driver/Src/stm32f1xx_hal_gpio_ex.c ****   @endverbatim
  25:./Drivers/STM32F1xx_HAL_Driver/Src/stm32f1xx_hal_gpio_ex.c ****   ******************************************************************************
  26:./Drivers/STM32F1xx_HAL_Driver/Src/stm32f1xx_hal_gpio_ex.c ****   * @attention
  27:./Drivers/STM32F1xx_HAL_Driver/Src/stm32f1xx_hal_gpio_ex.c ****   *
  28:./Drivers/STM32F1xx_HAL_Driver/Src/stm32f1xx_hal_gpio_ex.c ****   * <h2><center>&copy; Copyright (c) 2016 STMicroelectronics.
  29:./Drivers/STM32F1xx_HAL_Driver/Src/stm32f1xx_hal_gpio_ex.c ****   * All rights reserved.</center></h2>
  30:./Drivers/STM32F1xx_HAL_Driver/Src/stm32f1xx_hal_gpio_ex.c ****   *
  31:./Drivers/STM32F1xx_HAL_Driver/Src/stm32f1xx_hal_gpio_ex.c ****   * This software component is licensed by ST under BSD 3-Clause license,
  32:./Drivers/STM32F1xx_HAL_Driver/Src/stm32f1xx_hal_gpio_ex.c ****   * the "License"; You may not use this file except in compliance with the
ARM GAS  C:\Users\phucd\AppData\Local\Temp\ccTuh4li.s 			page 2


  33:./Drivers/STM32F1xx_HAL_Driver/Src/stm32f1xx_hal_gpio_ex.c ****   * License. You may obtain a copy of the License at:
  34:./Drivers/STM32F1xx_HAL_Driver/Src/stm32f1xx_hal_gpio_ex.c ****   *                        opensource.org/licenses/BSD-3-Clause
  35:./Drivers/STM32F1xx_HAL_Driver/Src/stm32f1xx_hal_gpio_ex.c ****   *
  36:./Drivers/STM32F1xx_HAL_Driver/Src/stm32f1xx_hal_gpio_ex.c ****   ******************************************************************************
  37:./Drivers/STM32F1xx_HAL_Driver/Src/stm32f1xx_hal_gpio_ex.c ****   */
  38:./Drivers/STM32F1xx_HAL_Driver/Src/stm32f1xx_hal_gpio_ex.c **** 
  39:./Drivers/STM32F1xx_HAL_Driver/Src/stm32f1xx_hal_gpio_ex.c **** /* Includes ------------------------------------------------------------------*/
  40:./Drivers/STM32F1xx_HAL_Driver/Src/stm32f1xx_hal_gpio_ex.c **** #include "stm32f1xx_hal.h"
  41:./Drivers/STM32F1xx_HAL_Driver/Src/stm32f1xx_hal_gpio_ex.c **** 
  42:./Drivers/STM32F1xx_HAL_Driver/Src/stm32f1xx_hal_gpio_ex.c **** /** @addtogroup STM32F1xx_HAL_Driver
  43:./Drivers/STM32F1xx_HAL_Driver/Src/stm32f1xx_hal_gpio_ex.c ****   * @{
  44:./Drivers/STM32F1xx_HAL_Driver/Src/stm32f1xx_hal_gpio_ex.c ****   */
  45:./Drivers/STM32F1xx_HAL_Driver/Src/stm32f1xx_hal_gpio_ex.c **** 
  46:./Drivers/STM32F1xx_HAL_Driver/Src/stm32f1xx_hal_gpio_ex.c **** /** @defgroup GPIOEx GPIOEx
  47:./Drivers/STM32F1xx_HAL_Driver/Src/stm32f1xx_hal_gpio_ex.c ****   * @brief GPIO HAL module driver
  48:./Drivers/STM32F1xx_HAL_Driver/Src/stm32f1xx_hal_gpio_ex.c ****   * @{
  49:./Drivers/STM32F1xx_HAL_Driver/Src/stm32f1xx_hal_gpio_ex.c ****   */
  50:./Drivers/STM32F1xx_HAL_Driver/Src/stm32f1xx_hal_gpio_ex.c **** 
  51:./Drivers/STM32F1xx_HAL_Driver/Src/stm32f1xx_hal_gpio_ex.c **** #ifdef HAL_GPIO_MODULE_ENABLED
  52:./Drivers/STM32F1xx_HAL_Driver/Src/stm32f1xx_hal_gpio_ex.c **** 
  53:./Drivers/STM32F1xx_HAL_Driver/Src/stm32f1xx_hal_gpio_ex.c **** /** @defgroup GPIOEx_Exported_Functions GPIOEx Exported Functions
  54:./Drivers/STM32F1xx_HAL_Driver/Src/stm32f1xx_hal_gpio_ex.c ****   * @{
  55:./Drivers/STM32F1xx_HAL_Driver/Src/stm32f1xx_hal_gpio_ex.c ****   */
  56:./Drivers/STM32F1xx_HAL_Driver/Src/stm32f1xx_hal_gpio_ex.c **** 
  57:./Drivers/STM32F1xx_HAL_Driver/Src/stm32f1xx_hal_gpio_ex.c **** /** @defgroup GPIOEx_Exported_Functions_Group1 Extended features functions
  58:./Drivers/STM32F1xx_HAL_Driver/Src/stm32f1xx_hal_gpio_ex.c ****  *  @brief    Extended features functions
  59:./Drivers/STM32F1xx_HAL_Driver/Src/stm32f1xx_hal_gpio_ex.c ****  *
  60:./Drivers/STM32F1xx_HAL_Driver/Src/stm32f1xx_hal_gpio_ex.c **** @verbatim
  61:./Drivers/STM32F1xx_HAL_Driver/Src/stm32f1xx_hal_gpio_ex.c ****   ==============================================================================
  62:./Drivers/STM32F1xx_HAL_Driver/Src/stm32f1xx_hal_gpio_ex.c ****                  ##### Extended features functions #####
  63:./Drivers/STM32F1xx_HAL_Driver/Src/stm32f1xx_hal_gpio_ex.c ****   ==============================================================================
  64:./Drivers/STM32F1xx_HAL_Driver/Src/stm32f1xx_hal_gpio_ex.c ****     [..]  This section provides functions allowing to:
  65:./Drivers/STM32F1xx_HAL_Driver/Src/stm32f1xx_hal_gpio_ex.c ****     (+) Configure EVENTOUT Cortex feature using the function HAL_GPIOEx_ConfigEventout()
  66:./Drivers/STM32F1xx_HAL_Driver/Src/stm32f1xx_hal_gpio_ex.c ****     (+) Activate EVENTOUT Cortex feature using the HAL_GPIOEx_EnableEventout()
  67:./Drivers/STM32F1xx_HAL_Driver/Src/stm32f1xx_hal_gpio_ex.c ****     (+) Deactivate EVENTOUT Cortex feature using the HAL_GPIOEx_DisableEventout()
  68:./Drivers/STM32F1xx_HAL_Driver/Src/stm32f1xx_hal_gpio_ex.c **** 
  69:./Drivers/STM32F1xx_HAL_Driver/Src/stm32f1xx_hal_gpio_ex.c **** @endverbatim
  70:./Drivers/STM32F1xx_HAL_Driver/Src/stm32f1xx_hal_gpio_ex.c ****   * @{
  71:./Drivers/STM32F1xx_HAL_Driver/Src/stm32f1xx_hal_gpio_ex.c ****   */
  72:./Drivers/STM32F1xx_HAL_Driver/Src/stm32f1xx_hal_gpio_ex.c **** 
  73:./Drivers/STM32F1xx_HAL_Driver/Src/stm32f1xx_hal_gpio_ex.c **** /**
  74:./Drivers/STM32F1xx_HAL_Driver/Src/stm32f1xx_hal_gpio_ex.c ****   * @brief  Configures the port and pin on which the EVENTOUT Cortex signal will be connected.
  75:./Drivers/STM32F1xx_HAL_Driver/Src/stm32f1xx_hal_gpio_ex.c ****   * @param  GPIO_PortSource Select the port used to output the Cortex EVENTOUT signal.
  76:./Drivers/STM32F1xx_HAL_Driver/Src/stm32f1xx_hal_gpio_ex.c ****   *   This parameter can be a value of @ref GPIOEx_EVENTOUT_PORT.
  77:./Drivers/STM32F1xx_HAL_Driver/Src/stm32f1xx_hal_gpio_ex.c ****   * @param  GPIO_PinSource Select the pin used to output the Cortex EVENTOUT signal.
  78:./Drivers/STM32F1xx_HAL_Driver/Src/stm32f1xx_hal_gpio_ex.c ****   *   This parameter can be a value of @ref GPIOEx_EVENTOUT_PIN.
  79:./Drivers/STM32F1xx_HAL_Driver/Src/stm32f1xx_hal_gpio_ex.c ****   * @retval None
  80:./Drivers/STM32F1xx_HAL_Driver/Src/stm32f1xx_hal_gpio_ex.c ****   */
  81:./Drivers/STM32F1xx_HAL_Driver/Src/stm32f1xx_hal_gpio_ex.c **** void HAL_GPIOEx_ConfigEventout(uint32_t GPIO_PortSource, uint32_t GPIO_PinSource)
  82:./Drivers/STM32F1xx_HAL_Driver/Src/stm32f1xx_hal_gpio_ex.c **** {
  27              		.loc 1 82 1
  28              		.cfi_startproc
  29              		@ args = 0, pretend = 0, frame = 8
  30              		@ frame_needed = 1, uses_anonymous_args = 0
  31              		@ link register save eliminated.
  32 0000 80B4     		push	{r7}
  33              		.cfi_def_cfa_offset 4
ARM GAS  C:\Users\phucd\AppData\Local\Temp\ccTuh4li.s 			page 3


  34              		.cfi_offset 7, -4
  35 0002 83B0     		sub	sp, sp, #12
  36              		.cfi_def_cfa_offset 16
  37 0004 00AF     		add	r7, sp, #0
  38              		.cfi_def_cfa_register 7
  39 0006 7860     		str	r0, [r7, #4]
  40 0008 3960     		str	r1, [r7]
  83:./Drivers/STM32F1xx_HAL_Driver/Src/stm32f1xx_hal_gpio_ex.c ****   /* Verify the parameters */
  84:./Drivers/STM32F1xx_HAL_Driver/Src/stm32f1xx_hal_gpio_ex.c ****   assert_param(IS_AFIO_EVENTOUT_PORT(GPIO_PortSource));
  85:./Drivers/STM32F1xx_HAL_Driver/Src/stm32f1xx_hal_gpio_ex.c ****   assert_param(IS_AFIO_EVENTOUT_PIN(GPIO_PinSource));
  86:./Drivers/STM32F1xx_HAL_Driver/Src/stm32f1xx_hal_gpio_ex.c **** 
  87:./Drivers/STM32F1xx_HAL_Driver/Src/stm32f1xx_hal_gpio_ex.c ****   /* Apply the new configuration */
  88:./Drivers/STM32F1xx_HAL_Driver/Src/stm32f1xx_hal_gpio_ex.c ****   MODIFY_REG(AFIO->EVCR, (AFIO_EVCR_PORT) | (AFIO_EVCR_PIN), (GPIO_PortSource) | (GPIO_PinSource));
  41              		.loc 1 88 3
  42 000a 074B     		ldr	r3, .L2
  43 000c 1B68     		ldr	r3, [r3]
  44 000e 23F07F02 		bic	r2, r3, #127
  45 0012 7968     		ldr	r1, [r7, #4]
  46 0014 3B68     		ldr	r3, [r7]
  47 0016 0B43     		orrs	r3, r3, r1
  48 0018 0349     		ldr	r1, .L2
  49 001a 1343     		orrs	r3, r3, r2
  50 001c 0B60     		str	r3, [r1]
  89:./Drivers/STM32F1xx_HAL_Driver/Src/stm32f1xx_hal_gpio_ex.c **** }
  51              		.loc 1 89 1
  52 001e 00BF     		nop
  53 0020 0C37     		adds	r7, r7, #12
  54              		.cfi_def_cfa_offset 4
  55 0022 BD46     		mov	sp, r7
  56              		.cfi_def_cfa_register 13
  57              		@ sp needed
  58 0024 80BC     		pop	{r7}
  59              		.cfi_restore 7
  60              		.cfi_def_cfa_offset 0
  61 0026 7047     		bx	lr
  62              	.L3:
  63              		.align	2
  64              	.L2:
  65 0028 00000140 		.word	1073807360
  66              		.cfi_endproc
  67              	.LFE65:
  69              		.section	.text.HAL_GPIOEx_EnableEventout,"ax",%progbits
  70              		.align	1
  71              		.global	HAL_GPIOEx_EnableEventout
  72              		.syntax unified
  73              		.thumb
  74              		.thumb_func
  75              		.fpu softvfp
  77              	HAL_GPIOEx_EnableEventout:
  78              	.LFB66:
  90:./Drivers/STM32F1xx_HAL_Driver/Src/stm32f1xx_hal_gpio_ex.c **** 
  91:./Drivers/STM32F1xx_HAL_Driver/Src/stm32f1xx_hal_gpio_ex.c **** /**
  92:./Drivers/STM32F1xx_HAL_Driver/Src/stm32f1xx_hal_gpio_ex.c ****   * @brief  Enables the Event Output.
  93:./Drivers/STM32F1xx_HAL_Driver/Src/stm32f1xx_hal_gpio_ex.c ****   * @retval None
  94:./Drivers/STM32F1xx_HAL_Driver/Src/stm32f1xx_hal_gpio_ex.c ****   */
  95:./Drivers/STM32F1xx_HAL_Driver/Src/stm32f1xx_hal_gpio_ex.c **** void HAL_GPIOEx_EnableEventout(void)
  96:./Drivers/STM32F1xx_HAL_Driver/Src/stm32f1xx_hal_gpio_ex.c **** {
ARM GAS  C:\Users\phucd\AppData\Local\Temp\ccTuh4li.s 			page 4


  79              		.loc 1 96 1
  80              		.cfi_startproc
  81              		@ args = 0, pretend = 0, frame = 0
  82              		@ frame_needed = 1, uses_anonymous_args = 0
  83              		@ link register save eliminated.
  84 0000 80B4     		push	{r7}
  85              		.cfi_def_cfa_offset 4
  86              		.cfi_offset 7, -4
  87 0002 00AF     		add	r7, sp, #0
  88              		.cfi_def_cfa_register 7
  97:./Drivers/STM32F1xx_HAL_Driver/Src/stm32f1xx_hal_gpio_ex.c ****   SET_BIT(AFIO->EVCR, AFIO_EVCR_EVOE);
  89              		.loc 1 97 3
  90 0004 044B     		ldr	r3, .L5
  91 0006 1B68     		ldr	r3, [r3]
  92 0008 034A     		ldr	r2, .L5
  93 000a 43F08003 		orr	r3, r3, #128
  94 000e 1360     		str	r3, [r2]
  98:./Drivers/STM32F1xx_HAL_Driver/Src/stm32f1xx_hal_gpio_ex.c **** }
  95              		.loc 1 98 1
  96 0010 00BF     		nop
  97 0012 BD46     		mov	sp, r7
  98              		.cfi_def_cfa_register 13
  99              		@ sp needed
 100 0014 80BC     		pop	{r7}
 101              		.cfi_restore 7
 102              		.cfi_def_cfa_offset 0
 103 0016 7047     		bx	lr
 104              	.L6:
 105              		.align	2
 106              	.L5:
 107 0018 00000140 		.word	1073807360
 108              		.cfi_endproc
 109              	.LFE66:
 111              		.section	.text.HAL_GPIOEx_DisableEventout,"ax",%progbits
 112              		.align	1
 113              		.global	HAL_GPIOEx_DisableEventout
 114              		.syntax unified
 115              		.thumb
 116              		.thumb_func
 117              		.fpu softvfp
 119              	HAL_GPIOEx_DisableEventout:
 120              	.LFB67:
  99:./Drivers/STM32F1xx_HAL_Driver/Src/stm32f1xx_hal_gpio_ex.c **** 
 100:./Drivers/STM32F1xx_HAL_Driver/Src/stm32f1xx_hal_gpio_ex.c **** /**
 101:./Drivers/STM32F1xx_HAL_Driver/Src/stm32f1xx_hal_gpio_ex.c ****   * @brief  Disables the Event Output.
 102:./Drivers/STM32F1xx_HAL_Driver/Src/stm32f1xx_hal_gpio_ex.c ****   * @retval None
 103:./Drivers/STM32F1xx_HAL_Driver/Src/stm32f1xx_hal_gpio_ex.c ****   */
 104:./Drivers/STM32F1xx_HAL_Driver/Src/stm32f1xx_hal_gpio_ex.c **** void HAL_GPIOEx_DisableEventout(void)
 105:./Drivers/STM32F1xx_HAL_Driver/Src/stm32f1xx_hal_gpio_ex.c **** {
 121              		.loc 1 105 1
 122              		.cfi_startproc
 123              		@ args = 0, pretend = 0, frame = 0
 124              		@ frame_needed = 1, uses_anonymous_args = 0
 125              		@ link register save eliminated.
 126 0000 80B4     		push	{r7}
 127              		.cfi_def_cfa_offset 4
 128              		.cfi_offset 7, -4
ARM GAS  C:\Users\phucd\AppData\Local\Temp\ccTuh4li.s 			page 5


 129 0002 00AF     		add	r7, sp, #0
 130              		.cfi_def_cfa_register 7
 106:./Drivers/STM32F1xx_HAL_Driver/Src/stm32f1xx_hal_gpio_ex.c ****   CLEAR_BIT(AFIO->EVCR, AFIO_EVCR_EVOE);
 131              		.loc 1 106 3
 132 0004 044B     		ldr	r3, .L8
 133 0006 1B68     		ldr	r3, [r3]
 134 0008 034A     		ldr	r2, .L8
 135 000a 23F08003 		bic	r3, r3, #128
 136 000e 1360     		str	r3, [r2]
 107:./Drivers/STM32F1xx_HAL_Driver/Src/stm32f1xx_hal_gpio_ex.c **** }
 137              		.loc 1 107 1
 138 0010 00BF     		nop
 139 0012 BD46     		mov	sp, r7
 140              		.cfi_def_cfa_register 13
 141              		@ sp needed
 142 0014 80BC     		pop	{r7}
 143              		.cfi_restore 7
 144              		.cfi_def_cfa_offset 0
 145 0016 7047     		bx	lr
 146              	.L9:
 147              		.align	2
 148              	.L8:
 149 0018 00000140 		.word	1073807360
 150              		.cfi_endproc
 151              	.LFE67:
 153              		.text
 154              	.Letext0:
 155              		.file 2 "c:\\st\\stm32cubeide_1.7.0\\stm32cubeide\\plugins\\com.st.stm32cube.ide.mcu.externaltools
 156              		.file 3 "c:\\st\\stm32cubeide_1.7.0\\stm32cubeide\\plugins\\com.st.stm32cube.ide.mcu.externaltools
 157              		.file 4 "Drivers/CMSIS/Include/core_cm3.h"
 158              		.file 5 "Drivers/CMSIS/Device/ST/STM32F1xx/Include/system_stm32f1xx.h"
 159              		.file 6 "Drivers/CMSIS/Device/ST/STM32F1xx/Include/stm32f103xb.h"
 160              		.file 7 "Drivers/STM32F1xx_HAL_Driver/Inc/stm32f1xx_hal.h"
ARM GAS  C:\Users\phucd\AppData\Local\Temp\ccTuh4li.s 			page 6


DEFINED SYMBOLS
                            *ABS*:0000000000000000 stm32f1xx_hal_gpio_ex.c
C:\Users\phucd\AppData\Local\Temp\ccTuh4li.s:16     .text.HAL_GPIOEx_ConfigEventout:0000000000000000 $t
C:\Users\phucd\AppData\Local\Temp\ccTuh4li.s:24     .text.HAL_GPIOEx_ConfigEventout:0000000000000000 HAL_GPIOEx_ConfigEventout
C:\Users\phucd\AppData\Local\Temp\ccTuh4li.s:65     .text.HAL_GPIOEx_ConfigEventout:0000000000000028 $d
C:\Users\phucd\AppData\Local\Temp\ccTuh4li.s:70     .text.HAL_GPIOEx_EnableEventout:0000000000000000 $t
C:\Users\phucd\AppData\Local\Temp\ccTuh4li.s:77     .text.HAL_GPIOEx_EnableEventout:0000000000000000 HAL_GPIOEx_EnableEventout
C:\Users\phucd\AppData\Local\Temp\ccTuh4li.s:107    .text.HAL_GPIOEx_EnableEventout:0000000000000018 $d
C:\Users\phucd\AppData\Local\Temp\ccTuh4li.s:112    .text.HAL_GPIOEx_DisableEventout:0000000000000000 $t
C:\Users\phucd\AppData\Local\Temp\ccTuh4li.s:119    .text.HAL_GPIOEx_DisableEventout:0000000000000000 HAL_GPIOEx_DisableEventout
C:\Users\phucd\AppData\Local\Temp\ccTuh4li.s:149    .text.HAL_GPIOEx_DisableEventout:0000000000000018 $d
                           .group:0000000000000000 wm4.0.e890922d021f7fff2fbf219cb2b38f03
                           .group:0000000000000000 wm4.stm32f1xx_hal_conf.h.21.43378aa0698cb088dbf078b8e78794f7
                           .group:0000000000000000 wm4.stm32f1xx.h.39.208bb8a61c892b7c37d899c49a031330
                           .group:0000000000000000 wm4.stm32f103xb.h.38.ec967d5ad9d3269cb0788eebda048e38
                           .group:0000000000000000 wm4._newlib_version.h.4.1ef4e12f167f8b69d7c30054be56050d
                           .group:0000000000000000 wm4.features.h.33.318b64d71e0957639cfb30f1db1f7ec8
                           .group:0000000000000000 wm4._default_types.h.15.247e5cd201eca3442cbf5404108c4935
                           .group:0000000000000000 wm4._intsup.h.10.48bafbb683905c4daa4565a85aeeb264
                           .group:0000000000000000 wm4._stdint.h.10.c24fa3af3bc1706662bb5593a907e841
                           .group:0000000000000000 wm4.stdint.h.23.d53047a68f4a85177f80b422d52785ed
                           .group:0000000000000000 wm4.cmsis_version.h.32.4d5822004c01a829a975260e854b5f8e
                           .group:0000000000000000 wm4.core_cm3.h.66.fc46cac19810db8f98d67da7ef88f42c
                           .group:0000000000000000 wm4.cmsis_gcc.h.26.225e4f5469716fdeef823d1102f5b23e
                           .group:0000000000000000 wm4.core_cm3.h.127.f4474120f1a7524deb56f9d74ff175da
                           .group:0000000000000000 wm4.stm32f103xb.h.573.10249aa7473ca93be896fed94046a725
                           .group:0000000000000000 wm4.stm32f1xx.h.162.96b09079a093c34dbd7f0b85cbd0ddee
                           .group:0000000000000000 wm4.stm32_hal_legacy.h.23.91ba5b544a4c2be2620a1e7ff0049e10
                           .group:0000000000000000 wm4.stddef.h.39.144cf5ddcd53cbfdac30259dc1a6c87f
                           .group:0000000000000000 wm4.stm32f1xx_hal_def.h.57.18d01ce1aa74e9fb44dbf16f821a574a
                           .group:0000000000000000 wm4.stm32f1xx_hal_rcc.h.95.21591bbc513aaa813c0b8640c3b32517
                           .group:0000000000000000 wm4.stm32f1xx_hal_rcc_ex.h.22.8763f99bc1e3e2dcf0febe9161d81b37
                           .group:0000000000000000 wm4.stm32f1xx_hal_rcc.h.1202.f8e5f9e0cf4eef7840facf5396029056
                           .group:0000000000000000 wm4.stm32f1xx_hal_gpio.h.22.fa638d688dcc57ca806fe6a7831b0d04
                           .group:0000000000000000 wm4.stm32f1xx_hal_gpio_ex.h.22.51a50ef3512cd78017ce666a32d364bf
                           .group:0000000000000000 wm4.stm32f1xx_hal_gpio.h.263.f5ebf2f545ade59412ab9261c8e35dc4
                           .group:0000000000000000 wm4.stm32f1xx_hal_exti.h.22.e26491d042c8079c3ca67eca341af862
                           .group:0000000000000000 wm4.stm32f1xx_hal_dma.h.22.3c14338534886827bf3aeaa2a7f412a1
                           .group:0000000000000000 wm4.stm32f1xx_hal_dma_ex.h.22.001ac4d7f81ccbdcae49bd65c13858c8
                           .group:0000000000000000 wm4.stm32f1xx_hal_dma.h.409.cafcd2cfe701091535636be537c18293
                           .group:0000000000000000 wm4.stm32f1xx_hal_cortex.h.22.b5f4174bb6a50d95405567b8f50e0900
                           .group:0000000000000000 wm4.stm32f1xx_hal_flash.h.22.5cea9a7210e6315b41724b47b5fdf203
                           .group:0000000000000000 wm4.stm32f1xx_hal_flash_ex.h.22.d4e19c21f2a86fa2f8ec2c2d5f1ab2af
                           .group:0000000000000000 wm4.stm32f1xx_hal_pwr.h.22.3438c476faafc3240bf146f143df3fcd
                           .group:0000000000000000 wm4.stm32f1xx_hal_tim.h.22.a16e206564e97dbace9faae59a0d6008
                           .group:0000000000000000 wm4.stm32f1xx_hal.h.88.91065c0692bed6019c34f1e9c00589fd

NO UNDEFINED SYMBOLS
